2025-11-06 10:42:33,171 - INFO - === Chrome iniciado com perfil de automação dedicado. ===
2025-11-06 10:42:33,172 - INFO - --- Iniciando busca no grupo: VD (https://web.whatsapp.com/accept?code=GEpoPUcny2E7xghvmG9uEJ) ---
2025-11-06 10:42:35,177 - ERROR - ❌ Erro ao capturar meta de VD (https://web.whatsapp.com/accept?code=GEpoPUcny2E7xghvmG9uEJ): Message: invalid session id: session deleted as the browser has closed the connection
from disconnected: not connected to DevTools
  (Session info: chrome=142.0.7444.134); For documentation on this error, please visit: https://www.selenium.dev/documentation/webdriver/troubleshooting/errors#invalidsessionidexception
Stacktrace:
Symbols not available. Dumping unresolved backtrace:
	0x7ff775537a35
	0x7ff775537a90
	0x7ff7752b16ad
	0x7ff77529d1c5
	0x7ff7752c2a5a
	0x7ff77533a306
	0x7ff77535b222
	0x7ff7752fb068
	0x7ff7752fbe93
	0x7ff7757f29d0
	0x7ff7757ece50
	0x7ff77580cc45
	0x7ff7755530ce
	0x7ff77555adbf
	0x7ff775540c14
	0x7ff775540dcf
	0x7ff775526828
	0x7ff8b379e8d7
	0x7ff8b538c53c
Traceback (most recent call last):
  File "C:\Users\dados\rhfariasn\envioWhatsapp\roboWhatsapp\componentes\captura_metadia.py", line 402, in buscar_meta_no_grupo
    wait.until(EC.presence_of_element_located((By.CSS_SELECTOR, "#main")))
    ~~~~~~~~~~^^^^^^^^^^^^^^^^^^^^^^^^^^^^^^^^^^^^^^^^^^^^^^^^^^^^^^^^^^^^
  File "C:\Users\dados\anaconda3\envs\robowhatsapp\Lib\site-packages\selenium\webdriver\support\wait.py", line 129, in until
    value = method(self._driver)
  File "C:\Users\dados\anaconda3\envs\robowhatsapp\Lib\site-packages\selenium\webdriver\support\expected_conditions.py", line 104, in _predicate
    return driver.find_element(*locator)
           ~~~~~~~~~~~~~~~~~~~^^^^^^^^^^
  File "C:\Users\dados\anaconda3\envs\robowhatsapp\Lib\site-packages\selenium\webdriver\remote\webdriver.py", line 922, in find_element
    return self.execute(Command.FIND_ELEMENT, {"using": by, "value": value})["value"]
           ~~~~~~~~~~~~^^^^^^^^^^^^^^^^^^^^^^^^^^^^^^^^^^^^^^^^^^^^^^^^^^^^^
  File "C:\Users\dados\anaconda3\envs\robowhatsapp\Lib\site-packages\selenium\webdriver\remote\webdriver.py", line 454, in execute
    self.error_handler.check_response(response)
    ~~~~~~~~~~~~~~~~~~~~~~~~~~~~~~~~~^^^^^^^^^^
  File "C:\Users\dados\anaconda3\envs\robowhatsapp\Lib\site-packages\selenium\webdriver\remote\errorhandler.py", line 232, in check_response
    raise exception_class(message, screen, stacktrace)
selenium.common.exceptions.InvalidSessionIdException: Message: invalid session id: session deleted as the browser has closed the connection
from disconnected: not connected to DevTools
  (Session info: chrome=142.0.7444.134); For documentation on this error, please visit: https://www.selenium.dev/documentation/webdriver/troubleshooting/errors#invalidsessionidexception
Stacktrace:
Symbols not available. Dumping unresolved backtrace:
	0x7ff775537a35
	0x7ff775537a90
	0x7ff7752b16ad
	0x7ff77529d1c5
	0x7ff7752c2a5a
	0x7ff77533a306
	0x7ff77535b222
	0x7ff7752fb068
	0x7ff7752fbe93
	0x7ff7757f29d0
	0x7ff7757ece50
	0x7ff77580cc45
	0x7ff7755530ce
	0x7ff77555adbf
	0x7ff775540c14
	0x7ff775540dcf
	0x7ff775526828
	0x7ff8b379e8d7
	0x7ff8b538c53c

2025-11-06 10:42:35,183 - INFO - --- Fim da busca no grupo (com erro) ---
2025-11-06 10:42:35,183 - WARNING - ⚠️ Nenhuma meta significativa encontrada para o grupo VD
2025-11-06 10:42:35,183 - INFO - --- Iniciando busca no grupo: LOJA (https://web.whatsapp.com/accept?code=InUzOAgZwBVHbihjqG3ylC) ---
2025-11-06 10:42:35,185 - ERROR - ❌ Erro ao capturar meta de LOJA (https://web.whatsapp.com/accept?code=InUzOAgZwBVHbihjqG3ylC): Message: invalid session id; For documentation on this error, please visit: https://www.selenium.dev/documentation/webdriver/troubleshooting/errors#invalidsessionidexception
Stacktrace:
Symbols not available. Dumping unresolved backtrace:
	0x7ff775537a35
	0x7ff775537a90
	0x7ff7752b14b5
	0x7ff7752fa141
	0x7ff775332882
	0x7ff77532d0ef
	0x7ff77532c2ea
	0x7ff77527acb5
	0x7ff7757f29d0
	0x7ff7757ece50
	0x7ff77580cc45
	0x7ff7755530ce
	0x7ff77555adbf
	0x7ff77527977b
	0x7ff77592b848
	0x7ff8b379e8d7
	0x7ff8b538c53c
Traceback (most recent call last):
  File "C:\Users\dados\rhfariasn\envioWhatsapp\roboWhatsapp\componentes\captura_metadia.py", line 401, in buscar_meta_no_grupo
    driver.get(url)
    ~~~~~~~~~~^^^^^
  File "C:\Users\dados\anaconda3\envs\robowhatsapp\Lib\site-packages\selenium\webdriver\remote\webdriver.py", line 479, in get
    self.execute(Command.GET, {"url": url})
    ~~~~~~~~~~~~^^^^^^^^^^^^^^^^^^^^^^^^^^^
  File "C:\Users\dados\anaconda3\envs\robowhatsapp\Lib\site-packages\selenium\webdriver\remote\webdriver.py", line 454, in execute
    self.error_handler.check_response(response)
    ~~~~~~~~~~~~~~~~~~~~~~~~~~~~~~~~~^^^^^^^^^^
  File "C:\Users\dados\anaconda3\envs\robowhatsapp\Lib\site-packages\selenium\webdriver\remote\errorhandler.py", line 232, in check_response
    raise exception_class(message, screen, stacktrace)
selenium.common.exceptions.InvalidSessionIdException: Message: invalid session id; For documentation on this error, please visit: https://www.selenium.dev/documentation/webdriver/troubleshooting/errors#invalidsessionidexception
Stacktrace:
Symbols not available. Dumping unresolved backtrace:
	0x7ff775537a35
	0x7ff775537a90
	0x7ff7752b14b5
	0x7ff7752fa141
	0x7ff775332882
	0x7ff77532d0ef
	0x7ff77532c2ea
	0x7ff77527acb5
	0x7ff7757f29d0
	0x7ff7757ece50
	0x7ff77580cc45
	0x7ff7755530ce
	0x7ff77555adbf
	0x7ff77527977b
	0x7ff77592b848
	0x7ff8b379e8d7
	0x7ff8b538c53c

2025-11-06 10:42:35,186 - INFO - --- Fim da busca no grupo (com erro) ---
2025-11-06 10:42:35,186 - WARNING - ⚠️ Nenhuma meta significativa encontrada para o grupo LOJA
2025-11-06 10:42:35,187 - WARNING - ⚠️ Nenhuma meta capturada na tentativa 10:42. Tentativas realizadas: ['10:42']
