2025-11-05 18:00:08,559 [INFO] 🚀 Iniciando execução do sistema MAIN COM MARCAS (18h)
2025-11-05 18:00:08,561 [INFO] [INFO] Sistema Main COM MARCAS: Execução 18h - Navegador compartilhado
2025-11-05 18:00:08,561 [INFO] ==================================================
2025-11-05 18:00:08,561 [INFO] 📊 ETAPA 0: Limpeza de Segurança
2025-11-05 18:00:08,562 [INFO] 🧹 SEGURANÇA: Limpando arquivos de extração anteriores...
2025-11-05 18:00:08,563 [INFO] ✅ Removido resultado_loja.csv: resultado_loja.csv
2025-11-05 18:00:08,565 [INFO] ✅ Removido PEF: resultado_pef_C16.csv
2025-11-05 18:00:08,566 [INFO] 🗑️ Total de PEF removidos: 1
2025-11-05 18:00:08,567 [INFO] ✅ Removido EUD: resultado_eud_C16.csv
2025-11-05 18:00:08,568 [INFO] 🗑️ Total de EUD removidos: 1
2025-11-05 18:00:08,569 [INFO] ✅ Limpeza concluída
2025-11-05 18:00:08,570 [INFO] [INFO] Limpeza de Segurança: Arquivos antigos removidos
2025-11-05 18:00:09,571 [INFO] ==================================================
2025-11-05 18:00:09,573 [INFO] 📊 ETAPA 1: Extração LOJA
2025-11-05 18:00:09,574 [INFO] 🔄 Iniciando extração LOJA (integrado)...
2025-11-05 18:00:10,186 [INFO] 🧪 Iniciando Chrome (tentativa 1/3)...
2025-11-05 18:00:12,175 [INFO] patching driver executable C:\Users\dados\appdata\roaming\undetected_chromedriver\undetected_chromedriver.exe
2025-11-05 18:00:20,287 [INFO] ✅ Chrome iniciado (tentativa 1). Título inicial: Nova guia
2025-11-05 18:00:20,288 [INFO] Acessando https://cp10356.retaguarda.grupoboticario.com.br/app/#/login...
2025-11-05 18:00:24,645 [INFO] Preenchendo credenciais...
2025-11-05 18:00:27,744 [INFO] Login submetido. Aguardando redirecionamento...
2025-11-05 18:00:30,705 [INFO] Login realizado com sucesso!
2025-11-05 18:00:32,707 [INFO] Navegando pelo menu lateral...
2025-11-05 18:00:36,740 [INFO] Consulta submetida. Aguardando tabela de resultados...
2025-11-05 18:00:39,493 [INFO] Extraindo dados da tabela...
2025-11-05 18:00:40,235 [INFO] Total de linhas extraídas (excluindo total): 8
2025-11-05 18:00:40,236 [INFO] Última linha (total) foi excluída - o total será calculado automaticamente
2025-11-05 18:00:40,240 [INFO] Resultados salvos em extracoes/resultado_loja.csv
2025-11-05 18:00:40,240 [INFO] ✅ Extração LOJA concluída
2025-11-05 18:00:40,574 [INFO] Navegador LOJA fechado
2025-11-05 18:00:43,575 [INFO] ==================================================
2025-11-05 18:00:43,576 [INFO] 📊 ETAPA 2: Extração PEF + EUD + MARCAS (Navegador Compartilhado)
2025-11-05 18:00:43,578 [INFO] 🔄 Iniciando extração PEF + EUD + MARCAS (navegador compartilhado)...
2025-11-05 18:00:44,296 [INFO] 🧪 Iniciando navegador (tentativa 1/3)...
2025-11-05 18:00:45,641 [INFO] patching driver executable C:\Users\dados\appdata\roaming\undetected_chromedriver\undetected_chromedriver.exe
2025-11-05 18:00:53,429 [INFO] ✅ Navegador iniciado (tentativa 1). Título: Nova guia
2025-11-05 18:01:01,937 [INFO] Aguardando página de login carregar...
2025-11-05 18:01:03,419 [INFO] Clicando em 'entrar como colaborador de franqueado'...
2025-11-05 18:01:07,304 [INFO] Iniciando processo de login do Gmail...
2025-11-05 18:01:07,714 [INFO] Clicando em avançar após email...
2025-11-05 18:01:14,825 [INFO] Clicando em avançar após senha...
2025-11-05 18:01:15,148 [INFO] Aguardando redirecionamento após login...
2025-11-05 18:01:23,144 [INFO] Login realizado com sucesso!
2025-11-05 18:01:25,160 [INFO] Painel superior fechado via clique no botão .btn-close
2025-11-05 18:01:25,164 [INFO] Ciclos detectados: [16]
2025-11-05 18:01:25,164 [INFO] 📊 Extraindo EUDORA...
2025-11-05 18:01:38,257 [INFO] EUDORA ciclo 16 extraído e salvo em extracoes\resultado_eud_C16.csv!
2025-11-05 18:01:38,258 [INFO] ✅ EUDORA concluída
2025-11-05 18:01:38,259 [INFO] 📊 Extraindo PEF...
2025-11-05 18:01:38,262 [INFO] Ciclos capturados para PEF: [16]
2025-11-05 18:01:45,509 [INFO] Loader encontrado. aria-hidden=true
2025-11-05 18:01:51,643 [INFO] Loader encontrado. aria-hidden=true
2025-11-05 18:01:51,644 [INFO] Iniciando extração dos resultados da tabela PEF.
2025-11-05 18:01:51,683 [INFO] Loader encontrado. aria-hidden=true
2025-11-05 18:01:53,730 [INFO] Total de resultados extraídos: 4
2025-11-05 18:01:53,756 [INFO] Resultados salvos em extracoes\resultado_pef_C16.csv
2025-11-05 18:01:53,757 [INFO] PEF ciclo 16 extraído e salvo!
2025-11-05 18:01:53,758 [INFO] ✅ PEF concluída
2025-11-05 18:01:53,759 [INFO] 📊 Extraindo MARCAS (BOT, OUI, QDB)...
2025-11-05 18:01:53,759 [INFO] Processando marcas para ciclo 16...
2025-11-05 18:01:53,760 [INFO] Extraindo BOT (código 1) para ciclo 16...
2025-11-05 18:02:09,061 [DEBUG] Linha com 0 colunas para BOT
2025-11-05 18:02:09,081 [DEBUG] Linha com 0 colunas para BOT
2025-11-05 18:02:09,099 [DEBUG] Linha com 0 colunas para BOT
2025-11-05 18:02:09,115 [DEBUG] Linha com 0 colunas para BOT
2025-11-05 18:02:09,132 [DEBUG] Linha com 0 colunas para BOT
2025-11-05 18:02:09,149 [DEBUG] Linha com 0 colunas para BOT
2025-11-05 18:02:09,167 [DEBUG] Linha com 5 colunas para BOT
2025-11-05 18:02:09,186 [DEBUG] Extraindo Valor Praticado da coluna 3: 143.141,01
2025-11-05 18:02:09,187 [INFO] BOT ciclo 16: R$ 143,141.01
2025-11-05 18:02:11,188 [INFO] Extraindo OUI (código 26367) para ciclo 16...
2025-11-05 18:02:26,606 [DEBUG] Linha com 0 colunas para OUI
2025-11-05 18:02:26,624 [DEBUG] Linha com 0 colunas para OUI
2025-11-05 18:02:26,642 [DEBUG] Linha com 0 colunas para OUI
2025-11-05 18:02:26,663 [DEBUG] Linha com 0 colunas para OUI
2025-11-05 18:02:26,692 [DEBUG] Linha com 0 colunas para OUI
2025-11-05 18:02:26,717 [DEBUG] Linha com 0 colunas para OUI
2025-11-05 18:02:26,742 [DEBUG] Linha com 5 colunas para OUI
2025-11-05 18:02:26,768 [DEBUG] Extraindo Valor Praticado da coluna 3: 6.143,21
2025-11-05 18:02:26,769 [INFO] OUI ciclo 16: R$ 6,143.21
2025-11-05 18:02:28,771 [INFO] Extraindo QDB (código 38489) para ciclo 16...
2025-11-05 18:02:44,078 [DEBUG] Linha com 0 colunas para QDB
2025-11-05 18:02:44,095 [DEBUG] Linha com 0 colunas para QDB
2025-11-05 18:02:44,111 [DEBUG] Linha com 0 colunas para QDB
2025-11-05 18:02:44,128 [DEBUG] Linha com 0 colunas para QDB
2025-11-05 18:02:44,146 [DEBUG] Linha com 0 colunas para QDB
2025-11-05 18:02:44,163 [DEBUG] Linha com 0 colunas para QDB
2025-11-05 18:02:44,180 [DEBUG] Linha com 5 colunas para QDB
2025-11-05 18:02:44,199 [DEBUG] Extraindo Valor Praticado da coluna 3: 3.324,49
2025-11-05 18:02:44,204 [INFO] QDB ciclo 16: R$ 3,324.49
2025-11-05 18:02:46,208 [INFO] Resultados de marcas salvos em extracoes\resultado_marcas_C16.csv
2025-11-05 18:02:46,210 [INFO] ✅ MARCAS concluídas
2025-11-05 18:02:46,211 [INFO] ✅ Todas as extrações PEF + EUD + MARCAS concluídas
2025-11-05 18:02:46,591 [INFO] Navegador VD/EUD/PEF/MARCAS fechado
2025-11-05 18:02:49,591 [INFO] ==================================================
2025-11-05 18:02:49,592 [INFO] 📊 ETAPA 3: Validação Final de Data dos Arquivos
2025-11-05 18:02:49,595 [INFO] ✅ Validação de data: Todos os 4 arquivo(s) válidos (05/11/2025)
2025-11-05 18:02:49,596 [INFO] ==================================================
2025-11-05 18:02:49,596 [INFO] 📊 ETAPA 3.5: Verificação/Captura de Metas
2025-11-05 18:02:49,597 [INFO] 🔍 Verificando/capturando metas...
2025-11-05 18:02:49,623 [INFO] ✅ Metas já existem e são válidas: ['PEF', 'EUD', 'LOJA']
2025-11-05 18:02:49,624 [INFO] ==================================================
2025-11-05 18:02:49,624 [INFO] 📊 ETAPA 4: Envio de Relatórios
2025-11-05 18:02:49,625 [INFO] ⏳ Aguardando 10 segundos antes do envio...
2025-11-05 18:02:59,626 [INFO] 🔄 Executando envio via WhatsApp...
2025-11-05 18:03:00,087 [INFO] Link do grupo 0 validado: InUzOAgZwB...
2025-11-05 18:03:00,088 [INFO] Link do grupo 1 validado: GEpoPUcny2...
2025-11-05 18:03:00,089 [INFO] Ciclos detectados: [16]
2025-11-05 18:03:00,090 [INFO] Meta LOJA: None
2025-11-05 18:03:00,090 [INFO] 📤 Preparando envio para grupo LOJA...
2025-11-05 18:03:00,091 [INFO] Formatando dados de extracoes/resultado_loja.csv (meta=None, indicador=LOJA)
2025-11-05 18:03:00,121 [INFO] Enviando apenas dados para LOJA (sem meta)
2025-11-05 18:03:00,122 [INFO] Abrindo WhatsApp Web...
2025-11-05 18:03:00,269 [INFO] Aguardando WhatsApp Web carregar...
2025-11-05 18:03:17,275 [INFO] WhatsApp Web parece estar carregado
2025-11-05 18:03:17,275 [INFO] WhatsApp Web aberto
2025-11-05 18:03:17,276 [INFO] Navegando para grupo com link: InUzOAgZwBVHbihjqG3ylC
2025-11-05 18:03:20,611 [INFO] Aguardando carregamento do grupo...
2025-11-05 18:03:32,715 [INFO] Grupo parece ter carregado
2025-11-05 18:03:32,716 [INFO] Enviando mensagem...
2025-11-05 18:03:37,940 [INFO] Mensagem enviada (pyautogui executado)
2025-11-05 18:03:37,940 [INFO] ✅ Mensagem LOJA enviada!
2025-11-05 18:03:47,942 [INFO] 📤 Preparando envio para grupo VD...
2025-11-05 18:03:47,942 [INFO] Ciclo 16 - Metas: PEF=320000.0, EUD=60000.0
2025-11-05 18:03:47,943 [INFO] Formatando dados de extracoes/resultado_pef_C16.csv (meta=320000.0, indicador=PEF)
2025-11-05 18:03:47,969 [INFO] Incluindo cálculo de meta para PEF (meta=320000.0)
2025-11-05 18:03:47,969 [INFO] Formatando dados de extracoes/resultado_eud_C16.csv (meta=60000.0, indicador=EUDORA)
2025-11-05 18:03:47,993 [INFO] Incluindo cálculo de meta para EUDORA (meta=60000.0)
2025-11-05 18:03:47,994 [INFO] Formatando dados de marcas de extracoes/resultado_marcas_C16.csv (ciclo=16)
2025-11-05 18:03:48,014 [INFO] Enviando mensagens do ciclo 16...
2025-11-05 18:03:48,015 [INFO] Navegando para grupo com link: GEpoPUcny2E7xghvmG9uEJ
2025-11-05 18:03:51,349 [INFO] Aguardando carregamento do grupo...
2025-11-05 18:04:03,452 [INFO] Grupo parece ter carregado
2025-11-05 18:04:03,453 [INFO] Enviando mensagem...
2025-11-05 18:04:08,676 [INFO] Mensagem enviada (pyautogui executado)
2025-11-05 18:04:08,677 [INFO] ✅ Mensagens do ciclo 16 enviadas!
2025-11-05 18:04:18,678 [INFO] ✅ Envio completo!
2025-11-05 18:04:18,680 [INFO] ==================================================
2025-11-05 18:04:18,681 [INFO] 🎉 Sistema MAIN COM MARCAS executado com sucesso!
2025-11-05 18:04:18,681 [INFO] ⏱️ Tempo total de execução: 0:04:10.118751
2025-11-05 18:04:18,684 [INFO] [SUCCESS] Sistema Main COM MARCAS Concluído: Execução 18h concluída em 250.1 segundos
