2025-11-05 16:32:06,400 [INFO] 🚀 Iniciando execução do sistema OTIMIZADO (sem captura de metas)
2025-11-05 16:32:06,401 [INFO] [INFO] Sistema Iniciado: Execução OTIMIZADA - Navegador compartilhado - 40% mais rápido
2025-11-05 16:32:06,401 [INFO] ==================================================
2025-11-05 16:32:06,402 [INFO] 📊 ETAPA 0: Limpeza de Segurança
2025-11-05 16:32:06,402 [INFO] 🧹 SEGURANÇA: Limpando arquivos de extração anteriores...
2025-11-05 16:32:06,445 [INFO] ✅ Removido resultado_loja.csv: resultado_loja.csv
2025-11-05 16:32:06,447 [INFO] ✅ Removido PEF: resultado_pef_C16.csv
2025-11-05 16:32:06,447 [INFO] 🗑️ Total de PEF removidos: 1
2025-11-05 16:32:06,449 [INFO] ✅ Removido EUD: resultado_eud_C16.csv
2025-11-05 16:32:06,449 [INFO] 🗑️ Total de EUD removidos: 1
2025-11-05 16:32:06,450 [INFO] ✅ Limpeza concluída
2025-11-05 16:32:06,451 [INFO] [INFO] Limpeza de Segurança: Arquivos antigos removidos para garantir integridade
2025-11-05 16:32:07,452 [INFO] ==================================================
2025-11-05 16:32:07,452 [INFO] 📊 ETAPA 1: Verificação de Metas
2025-11-05 16:32:07,453 [INFO] 🔍 Verificando metas existentes...
2025-11-05 16:32:07,455 [INFO] Status do flag: METAS_DISPONIVEIS - Metas já capturadas com sucesso
2025-11-05 16:32:07,477 [INFO] ✅ Metas já disponíveis - pulando captura.
2025-11-05 16:32:07,478 [INFO] [INFO] Metas Disponíveis: Metas do dia já estão disponíveis.
2025-11-05 16:32:07,478 [INFO] Metas disponíveis no flag: EUD, LOJA, PEF
2025-11-05 16:32:10,480 [INFO] ==================================================
2025-11-05 16:32:10,481 [INFO] 📊 ETAPA 2: Extração de Dados
2025-11-05 16:32:10,482 [INFO] 🔄 Executando: extracao_loja.py (modo otimizado)
2025-11-05 16:32:10,482 [INFO] [INFO] Extração Iniciada: Iniciando extração: extracao_loja.py
2025-11-05 16:32:13,210 [INFO] 🧪 Iniciando Chrome (tentativa 1/3)...
2025-11-05 16:32:15,103 [INFO] patching driver executable C:\Users\dados\appdata\roaming\undetected_chromedriver\undetected_chromedriver.exe
2025-11-05 16:32:24,156 [INFO] ✅ Chrome iniciado (tentativa 1). Título inicial: Nova guia
2025-11-05 16:32:24,157 [INFO] Acessando https://cp10356.retaguarda.grupoboticario.com.br/app/#/login...
2025-11-05 16:32:28,087 [INFO] Preenchendo credenciais...
2025-11-05 16:32:30,961 [INFO] Login submetido. Aguardando redirecionamento...
2025-11-05 16:32:33,885 [INFO] Login realizado com sucesso!
2025-11-05 16:32:35,887 [INFO] Navegando pelo menu lateral...
2025-11-05 16:32:39,978 [INFO] Consulta submetida. Aguardando tabela de resultados...
2025-11-05 16:32:42,648 [INFO] Extraindo dados da tabela...
2025-11-05 16:32:43,361 [INFO] Total de linhas extraídas (excluindo total): 8
2025-11-05 16:32:43,361 [INFO] Última linha (total) foi excluída - o total será calculado automaticamente
2025-11-05 16:32:43,365 [INFO] Resultados salvos em extracoes/resultado_loja.csv
2025-11-05 16:32:43,366 [INFO] ✅ extracao_loja.py executado com sucesso (modo otimizado)
2025-11-05 16:32:43,730 [INFO] [SUCCESS] Extração Concluída: Extração extracao_loja.py concluída com 8 registros
2025-11-05 16:32:43,731 [INFO] ✅ Validação de extracao_loja.py: OK (8 registros)
2025-11-05 16:32:43,732 [INFO] Arquivo LOJA válido para envio (8 registros)
2025-11-05 16:32:46,735 [INFO] Nenhum ciclo capturado automaticamente para VD/EUD/PEF. Usando ciclos padrão: 15
2025-11-05 16:32:46,735 [INFO] 🔄 Executando: extracao_vd_eud_pef.py (modo otimizado)
2025-11-05 16:32:46,736 [INFO] [INFO] Extração Iniciada: Iniciando extração: extracao_vd_eud_pef.py
2025-11-05 16:32:47,433 [INFO] 🧪 Iniciando navegador (tentativa 1/3)...
2025-11-05 16:32:48,770 [INFO] patching driver executable C:\Users\dados\appdata\roaming\undetected_chromedriver\undetected_chromedriver.exe
2025-11-05 16:32:57,442 [INFO] ✅ Navegador iniciado (tentativa 1). Título: Nova guia
2025-11-05 16:32:59,449 [INFO] Aguardando página de login carregar...
2025-11-05 16:32:59,789 [INFO] Clicando em 'entrar como colaborador de franqueado'...
2025-11-05 16:33:02,360 [INFO] Iniciando processo de login do Gmail...
2025-11-05 16:33:05,406 [INFO] Clicando em avançar após email...
2025-11-05 16:33:12,427 [INFO] Clicando em avançar após senha...
2025-11-05 16:33:12,724 [INFO] Aguardando redirecionamento após login...
2025-11-05 16:33:20,621 [INFO] Login realizado com sucesso!
2025-11-05 16:33:22,038 [INFO] Painel superior fechado via clique no botão .btn-close
2025-11-05 16:33:22,040 [INFO] Ciclos detectados: [16]
2025-11-05 16:33:33,796 [INFO] EUDORA ciclo 16 extraído e salvo em extracoes\resultado_eud_C16.csv!
2025-11-05 16:33:33,797 [INFO] Ciclos capturados para PEF: [16]
2025-11-05 16:33:37,948 [INFO] Loader encontrado. aria-hidden=true
2025-11-05 16:33:43,759 [INFO] Loader encontrado. aria-hidden=true
2025-11-05 16:33:43,760 [INFO] Iniciando extração dos resultados da tabela PEF.
2025-11-05 16:33:43,793 [INFO] Loader encontrado. aria-hidden=true
2025-11-05 16:33:45,894 [INFO] Total de resultados extraídos: 4
2025-11-05 16:33:45,896 [INFO] Resultados salvos em extracoes\resultado_pef_C16.csv
2025-11-05 16:33:45,897 [INFO] PEF ciclo 16 extraído e salvo!
2025-11-05 16:33:45,897 [INFO] ✅ extracao_vd_eud_pef.py executado com sucesso (modo otimizado)
2025-11-05 16:33:46,253 [INFO] [SUCCESS] Extração Concluída: Extração extracao_vd_eud_pef.py concluída com 8 registros
2025-11-05 16:33:46,254 [INFO] ✅ Validação de extracao_vd_eud_pef.py: OK (8 registros)
2025-11-05 16:33:46,257 [INFO] Arquivos VD/EUD/PEF válidos para envio: 2 (total registros: 8)
2025-11-05 16:33:49,258 [INFO] ==================================================
2025-11-05 16:33:49,258 [INFO] 📊 ETAPA 3: Validação Final de Data dos Arquivos
2025-11-05 16:33:49,260 [INFO] ✅ Validação de data: Todos os 3 arquivo(s) foram modificados hoje (05/11/2025)
2025-11-05 16:33:49,260 [INFO] ==================================================
2025-11-05 16:33:49,261 [INFO] 📊 ETAPA 4: Envio de Relatórios
2025-11-05 16:33:49,262 [INFO] ⏳ Aguardando 5 segundos antes do envio...
2025-11-05 16:33:54,263 [INFO] Metas válidas para envio: {'PEF': 320000.0, 'EUD': 60000.0, 'LOJA': 70000.0}
2025-11-05 16:33:54,264 [INFO] Enviando resultados com cálculos de metas (todas válidas).
2025-11-05 16:33:54,265 [INFO] Comando de envio: C:\Users\dados\anaconda3\envs\robowhatsapp\python.exe componentes/whatsapp_sender.py --metas {"PEF": 320000.0, "EUD": 60000.0, "LOJA": 70000.0}
2025-11-05 16:35:27,766 [INFO] ✅ Envio executado com sucesso
2025-11-05 16:35:27,766 [INFO] [SUCCESS] WhatsApp Enviado: Mensagens enviadas para 2 grupos
2025-11-05 16:35:27,767 [INFO] ==================================================
2025-11-05 16:35:27,768 [INFO] 🎉 Sistema OTIMIZADO executado com sucesso!
2025-11-05 16:35:27,768 [INFO] ⏱️ Tempo total de execução: 0:03:21.365656
2025-11-05 16:35:27,769 [INFO] ⚡ Performance: ~40% mais rápido com chamadas diretas
2025-11-05 16:35:27,770 [INFO] 📊 Resumo: 8 notificações
2025-11-05 16:35:27,770 [INFO] [SUCCESS] Sistema Concluído: Execução OTIMIZADA concluída em 201.4s (40% mais rápido)
2025-11-05 16:35:27,773 [INFO] ensuring close
2025-11-05 16:35:27,774 [INFO] ensuring close
